# JRE version: OpenJDK Runtime Environment (8.0_112-b06) (build 1.8.0_112-release-b06)
# Java VM: OpenJDK 64-Bit Server VM (25.112-b06 mixed mode windows-amd64 compressed oops)
Heap:
 PSYoungGen      total 994816K, used 268391K [0x000000076ab00000, 0x00000007c0000000, 0x00000007c0000000)
  eden space 724992K, 6% used [0x000000076ab00000,0x000000076dbad5d8,0x0000000796f00000)
  from space 269824K, 80% used [0x00000007af880000,0x00000007bcdec728,0x00000007c0000000)
  to   space 336384K, 0% used [0x0000000796f00000,0x0000000796f00000,0x00000007ab780000)
 ParOldGen       total 1129984K, used 767687K [0x00000006c0000000, 0x0000000704f80000, 0x000000076ab00000)
  object space 1129984K, 67% used [0x00000006c0000000,0x00000006eedb1db0,0x0000000704f80000)
 Metaspace       used 6913K, capacity 7632K, committed 7936K, reserved 1056768K
  class space    used 616K, capacity 648K, committed 768K, reserved 1048576K
GC Heap History (10 events):
Event: 14.234 GC heap before
{Heap before GC invocations=19 (full 4):
 PSYoungGen      total 947200K, used 877454K [0x000000076ab00000, 0x00000007b2300000, 0x00000007c0000000)
  eden space 768000K, 100% used [0x000000076ab00000,0x0000000799900000,0x0000000799900000)
  from space 179200K, 61% used [0x00000007a7400000,0x00000007adee3948,0x00000007b2300000)
  to   space 201728K, 0% used [0x0000000799900000,0x0000000799900000,0x00000007a5e00000)
 ParOldGen       total 768000K, used 487722K [0x00000006c0000000, 0x00000006eee00000, 0x000000076ab00000)
  object space 768000K, 63% used [0x00000006c0000000,0x00000006ddc4a840,0x00000006eee00000)
 Metaspace       used 6544K, capacity 7344K, committed 7552K, reserved 1056768K
  class space    used 597K, capacity 616K, committed 640K, reserved 1048576K
Event: 14.418 GC heap after
Heap after GC invocations=19 (full 4):
 PSYoungGen      total 969728K, used 201719K [0x000000076ab00000, 0x00000007bed80000, 0x00000007c0000000)
  eden space 768000K, 0% used [0x000000076ab00000,0x000000076ab00000,0x0000000799900000)
  from space 201728K, 99% used [0x0000000799900000,0x00000007a5dfdc40,0x00000007a5e00000)
  to   space 250880K, 0% used [0x00000007af880000,0x00000007af880000,0x00000007bed80000)
 ParOldGen       total 768000K, used 528740K [0x00000006c0000000, 0x00000006eee00000, 0x000000076ab00000)
  object space 768000K, 68% used [0x00000006c0000000,0x00000006e04593c8,0x00000006eee00000)
 Metaspace       used 6544K, capacity 7344K, committed 7552K, reserved 1056768K
  class space    used 597K, capacity 616K, committed 640K, reserved 1048576K
}
Event: 15.347 GC heap before
{Heap before GC invocations=20 (full 4):
 PSYoungGen      total 969728K, used 969719K [0x000000076ab00000, 0x00000007bed80000, 0x00000007c0000000)
  eden space 768000K, 100% used [0x000000076ab00000,0x0000000799900000,0x0000000799900000)
  from space 201728K, 99% used [0x0000000799900000,0x00000007a5dfdc40,0x00000007a5e00000)
  to   space 250880K, 0% used [0x00000007af880000,0x00000007af880000,0x00000007bed80000)
 ParOldGen       total 768000K, used 528740K [0x00000006c0000000, 0x00000006eee00000, 0x000000076ab00000)
  object space 768000K, 68% used [0x00000006c0000000,0x00000006e04593c8,0x00000006eee00000)
 Metaspace       used 6546K, capacity 7344K, committed 7552K, reserved 1056768K
  class space    used 597K, capacity 616K, committed 640K, reserved 1048576K
Event: 15.582 GC heap after
Heap after GC invocations=20 (full 4):
 PSYoungGen      total 1126400K, used 138963K [0x000000076ab00000, 0x00000007bfd80000, 0x00000007c0000000)
  eden space 875520K, 0% used [0x000000076ab00000,0x000000076ab00000,0x00000007a0200000)
  from space 250880K, 55% used [0x00000007af880000,0x00000007b8034c68,0x00000007bed80000)
  to   space 252416K, 0% used [0x00000007a0200000,0x00000007a0200000,0x00000007af880000)
 ParOldGen       total 768000K, used 598931K [0x00000006c0000000, 0x00000006eee00000, 0x000000076ab00000)
  object space 768000K, 77% used [0x00000006c0000000,0x00000006e48e4cd8,0x00000006eee00000)
 Metaspace       used 6546K, capacity 7344K, committed 7552K, reserved 1056768K
  class space    used 597K, capacity 616K, committed 640K, reserved 1048576K
}
Event: 16.439 GC heap before
{Heap before GC invocations=21 (full 4):
 PSYoungGen      total 1126400K, used 1014483K [0x000000076ab00000, 0x00000007bfd80000, 0x00000007c0000000)
  eden space 875520K, 100% used [0x000000076ab00000,0x00000007a0200000,0x00000007a0200000)
  from space 250880K, 55% used [0x00000007af880000,0x00000007b8034c68,0x00000007bed80000)
  to   space 252416K, 0% used [0x00000007a0200000,0x00000007a0200000,0x00000007af880000)
 ParOldGen       total 768000K, used 598931K [0x00000006c0000000, 0x00000006eee00000, 0x000000076ab00000)
  object space 768000K, 77% used [0x00000006c0000000,0x00000006e48e4cd8,0x00000006eee00000)
 Metaspace       used 6653K, capacity 7408K, committed 7552K, reserved 1056768K
  class space    used 603K, capacity 616K, committed 640K, reserved 1048576K
Event: 16.615 GC heap after
Heap after GC invocations=21 (full 4):
 PSYoungGen      total 1127936K, used 252388K [0x000000076ab00000, 0x00000007c0000000, 0x00000007c0000000)
  eden space 875520K, 0% used [0x000000076ab00000,0x000000076ab00000,0x00000007a0200000)
  from space 252416K, 99% used [0x00000007a0200000,0x00000007af879140,0x00000007af880000)
  to   space 269824K, 0% used [0x00000007af880000,0x00000007af880000,0x00000007c0000000)
 ParOldGen       total 768000K, used 620500K [0x00000006c0000000, 0x00000006eee00000, 0x000000076ab00000)
  object space 768000K, 80% used [0x00000006c0000000,0x00000006e5df5168,0x00000006eee00000)
 Metaspace       used 6653K, capacity 7408K, committed 7552K, reserved 1056768K
  class space    used 603K, capacity 616K, committed 640K, reserved 1048576K
}
Event: 17.674 GC heap before
{Heap before GC invocations=22 (full 4):
 PSYoungGen      total 1127936K, used 1127908K [0x000000076ab00000, 0x00000007c0000000, 0x00000007c0000000)
  eden space 875520K, 100% used [0x000000076ab00000,0x00000007a0200000,0x00000007a0200000)
  from space 252416K, 99% used [0x00000007a0200000,0x00000007af879140,0x00000007af880000)
  to   space 269824K, 0% used [0x00000007af880000,0x00000007af880000,0x00000007c0000000)
 ParOldGen       total 768000K, used 620500K [0x00000006c0000000, 0x00000006eee00000, 0x000000076ab00000)
  object space 768000K, 80% used [0x00000006c0000000,0x00000006e5df5168,0x00000006eee00000)
 Metaspace       used 6660K, capacity 7408K, committed 7552K, reserved 1056768K
  class space    used 603K, capacity 616K, committed 640K, reserved 1048576K
Event: 17.935 GC heap after
Heap after GC invocations=22 (full 4):
 PSYoungGen      total 994816K, used 258206K [0x000000076ab00000, 0x00000007c0000000, 0x00000007c0000000)
  eden space 724992K, 0% used [0x000000076ab00000,0x000000076ab00000,0x0000000796f00000)
  from space 269824K, 95% used [0x00000007af880000,0x00000007bf4a7ab0,0x00000007c0000000)
  to   space 336384K, 0% used [0x0000000796f00000,0x0000000796f00000,0x00000007ab780000)
 ParOldGen       total 768000K, used 749918K [0x00000006c0000000, 0x00000006eee00000, 0x000000076ab00000)
  object space 768000K, 97% used [0x00000006c0000000,0x00000006edc57ac0,0x00000006eee00000)
 Metaspace       used 6660K, capacity 7408K, committed 7552K, reserved 1056768K
  class space    used 603K, capacity 616K, committed 640K, reserved 1048576K
}
Event: 17.935 GC heap before
{Heap before GC invocations=23 (full 5):
 PSYoungGen      total 994816K, used 258206K [0x000000076ab00000, 0x00000007c0000000, 0x00000007c0000000)
  eden space 724992K, 0% used [0x000000076ab00000,0x000000076ab00000,0x0000000796f00000)
  from space 269824K, 95% used [0x00000007af880000,0x00000007bf4a7ab0,0x00000007c0000000)
  to   space 336384K, 0% used [0x0000000796f00000,0x0000000796f00000,0x00000007ab780000)
 ParOldGen       total 768000K, used 749918K [0x00000006c0000000, 0x00000006eee00000, 0x000000076ab00000)
  object space 768000K, 97% used [0x00000006c0000000,0x00000006edc57ac0,0x00000006eee00000)
 Metaspace       used 6660K, capacity 7408K, committed 7552K, reserved 1056768K
  class space    used 603K, capacity 616K, committed 640K, reserved 1048576K
Event: 22.193 GC heap after
Heap after GC invocations=23 (full 5):
 PSYoungGen      total 994816K, used 218545K [0x000000076ab00000, 0x00000007c0000000, 0x00000007c0000000)
  eden space 724992K, 0% used [0x000000076ab00000,0x000000076ab00000,0x0000000796f00000)
  from space 269824K, 80% used [0x00000007af880000,0x00000007bcdec728,0x00000007c0000000)
  to   space 336384K, 0% used [0x0000000796f00000,0x0000000796f00000,0x00000007ab780000)
 ParOldGen       total 1129984K, used 767687K [0x00000006c0000000, 0x0000000704f80000, 0x000000076ab00000)
  object space 1129984K, 67% used [0x00000006c0000000,0x00000006eedb1db0,0x0000000704f80000)
 Metaspace       used 6660K, capacity 7408K, committed 7552K, reserved 1056768K
  class space    used 603K, capacity 616K, committed 640K, reserved 1048576K
}

