# JRE version: OpenJDK Runtime Environment (8.0_112-b06) (build 1.8.0_112-release-b06)
# Java VM: OpenJDK 64-Bit Server VM (25.112-b06 mixed mode windows-amd64 compressed oops)
Heap:
 PSYoungGen      total 1024000K, used 904158K [0x000000076ab00000, 0x00000007b6f00000, 0x00000007c0000000)
  eden space 798720K, 93% used [0x000000076ab00000,0x00000007980d8aa0,0x000000079b700000)
  from space 225280K, 71% used [0x000000079b700000,0x00000007a541ed60,0x00000007a9300000)
  to   space 203264K, 0% used [0x00000007a9c80000,0x00000007a9c80000,0x00000007b6300000)
 ParOldGen       total 745472K, used 476947K [0x00000006c0000000, 0x00000006ed800000, 0x000000076ab00000)
  object space 745472K, 63% used [0x00000006c0000000,0x00000006dd1c4dd8,0x00000006ed800000)
 Metaspace       used 6543K, capacity 7344K, committed 7552K, reserved 1056768K
  class space    used 597K, capacity 616K, committed 640K, reserved 1048576K
GC Heap History (10 events):
Event: 8.052 GC heap before
{Heap before GC invocations=15 (full 3):
 PSYoungGen      total 844288K, used 153588K [0x000000076ab00000, 0x00000007b2800000, 0x00000007c0000000)
  eden space 690688K, 0% used [0x000000076ab00000,0x000000076ab00000,0x0000000794d80000)
  from space 153600K, 99% used [0x00000007a1300000,0x00000007aa8fd0c8,0x00000007aa900000)
  to   space 202240K, 0% used [0x0000000794d80000,0x0000000794d80000,0x00000007a1300000)
 ParOldGen       total 294912K, used 278236K [0x00000006c0000000, 0x00000006d2000000, 0x000000076ab00000)
  object space 294912K, 94% used [0x00000006c0000000,0x00000006d0fb7180,0x00000006d2000000)
 Metaspace       used 6527K, capacity 7280K, committed 7552K, reserved 1056768K
  class space    used 596K, capacity 616K, committed 640K, reserved 1048576K
Event: 9.741 GC heap after
Heap after GC invocations=15 (full 3):
 PSYoungGen      total 844288K, used 129528K [0x000000076ab00000, 0x00000007b2800000, 0x00000007c0000000)
  eden space 690688K, 0% used [0x000000076ab00000,0x000000076ab00000,0x0000000794d80000)
  from space 153600K, 84% used [0x00000007a1300000,0x00000007a917e208,0x00000007aa900000)
  to   space 202240K, 0% used [0x0000000794d80000,0x0000000794d80000,0x00000007a1300000)
 ParOldGen       total 477184K, used 294551K [0x00000006c0000000, 0x00000006dd200000, 0x000000076ab00000)
  object space 477184K, 61% used [0x00000006c0000000,0x00000006d1fa5c60,0x00000006dd200000)
 Metaspace       used 6527K, capacity 7280K, committed 7552K, reserved 1056768K
  class space    used 596K, capacity 616K, committed 640K, reserved 1048576K
}
Event: 10.962 GC heap before
{Heap before GC invocations=16 (full 3):
 PSYoungGen      total 844288K, used 820216K [0x000000076ab00000, 0x00000007b2800000, 0x00000007c0000000)
  eden space 690688K, 100% used [0x000000076ab00000,0x0000000794d80000,0x0000000794d80000)
  from space 153600K, 84% used [0x00000007a1300000,0x00000007a917e208,0x00000007aa900000)
  to   space 202240K, 0% used [0x0000000794d80000,0x0000000794d80000,0x00000007a1300000)
 ParOldGen       total 477184K, used 294551K [0x00000006c0000000, 0x00000006dd200000, 0x000000076ab00000)
  object space 477184K, 61% used [0x00000006c0000000,0x00000006d1fa5c60,0x00000006dd200000)
 Metaspace       used 6540K, capacity 7344K, committed 7552K, reserved 1056768K
  class space    used 597K, capacity 616K, committed 640K, reserved 1048576K
Event: 11.217 GC heap after
Heap after GC invocations=16 (full 3):
 PSYoungGen      total 892928K, used 108235K [0x000000076ab00000, 0x00000007b6300000, 0x00000007c0000000)
  eden space 690688K, 0% used [0x000000076ab00000,0x000000076ab00000,0x0000000794d80000)
  from space 202240K, 53% used [0x0000000794d80000,0x000000079b732eb0,0x00000007a1300000)
  to   space 203264K, 0% used [0x00000007a9c80000,0x00000007a9c80000,0x00000007b6300000)
 ParOldGen       total 477184K, used 425335K [0x00000006c0000000, 0x00000006dd200000, 0x000000076ab00000)
  object space 477184K, 89% used [0x00000006c0000000,0x00000006d9f5de48,0x00000006dd200000)
 Metaspace       used 6540K, capacity 7344K, committed 7552K, reserved 1056768K
  class space    used 597K, capacity 616K, committed 640K, reserved 1048576K
}
Event: 11.217 GC heap before
{Heap before GC invocations=17 (full 4):
 PSYoungGen      total 892928K, used 108235K [0x000000076ab00000, 0x00000007b6300000, 0x00000007c0000000)
  eden space 690688K, 0% used [0x000000076ab00000,0x000000076ab00000,0x0000000794d80000)
  from space 202240K, 53% used [0x0000000794d80000,0x000000079b732eb0,0x00000007a1300000)
  to   space 203264K, 0% used [0x00000007a9c80000,0x00000007a9c80000,0x00000007b6300000)
 ParOldGen       total 477184K, used 425335K [0x00000006c0000000, 0x00000006dd200000, 0x000000076ab00000)
  object space 477184K, 89% used [0x00000006c0000000,0x00000006d9f5de48,0x00000006dd200000)
 Metaspace       used 6540K, capacity 7344K, committed 7552K, reserved 1056768K
  class space    used 597K, capacity 616K, committed 640K, reserved 1048576K
Event: 12.916 GC heap after
Heap after GC invocations=17 (full 4):
 PSYoungGen      total 892928K, used 50920K [0x000000076ab00000, 0x00000007b6300000, 0x00000007c0000000)
  eden space 690688K, 0% used [0x000000076ab00000,0x000000076ab00000,0x0000000794d80000)
  from space 202240K, 25% used [0x0000000794d80000,0x0000000797f3a128,0x00000007a1300000)
  to   space 203264K, 0% used [0x00000007a9c80000,0x00000007a9c80000,0x00000007b6300000)
 ParOldGen       total 745472K, used 476947K [0x00000006c0000000, 0x00000006ed800000, 0x000000076ab00000)
  object space 745472K, 63% used [0x00000006c0000000,0x00000006dd1c4dd8,0x00000006ed800000)
 Metaspace       used 6540K, capacity 7344K, committed 7552K, reserved 1056768K
  class space    used 597K, capacity 616K, committed 640K, reserved 1048576K
}
Event: 15.119 GC heap before
{Heap before GC invocations=18 (full 4):
 PSYoungGen      total 892928K, used 741608K [0x000000076ab00000, 0x00000007b6300000, 0x00000007c0000000)
  eden space 690688K, 100% used [0x000000076ab00000,0x0000000794d80000,0x0000000794d80000)
  from space 202240K, 25% used [0x0000000794d80000,0x0000000797f3a128,0x00000007a1300000)
  to   space 203264K, 0% used [0x00000007a9c80000,0x00000007a9c80000,0x00000007b6300000)
 ParOldGen       total 745472K, used 476947K [0x00000006c0000000, 0x00000006ed800000, 0x000000076ab00000)
  object space 745472K, 63% used [0x00000006c0000000,0x00000006dd1c4dd8,0x00000006ed800000)
 Metaspace       used 6540K, capacity 7344K, committed 7552K, reserved 1056768K
  class space    used 597K, capacity 616K, committed 640K, reserved 1048576K
Event: 15.365 GC heap after
Heap after GC invocations=18 (full 4):
 PSYoungGen      total 1001984K, used 167967K [0x000000076ab00000, 0x00000007b6f00000, 0x00000007c0000000)
  eden space 798720K, 0% used [0x000000076ab00000,0x000000076ab00000,0x000000079b700000)
  from space 203264K, 82% used [0x00000007a9c80000,0x00000007b4087f28,0x00000007b6300000)
  to   space 225280K, 0% used [0x000000079b700000,0x000000079b700000,0x00000007a9300000)
 ParOldGen       total 745472K, used 476947K [0x00000006c0000000, 0x00000006ed800000, 0x000000076ab00000)
  object space 745472K, 63% used [0x00000006c0000000,0x00000006dd1c4dd8,0x00000006ed800000)
 Metaspace       used 6540K, capacity 7344K, committed 7552K, reserved 1056768K
  class space    used 597K, capacity 616K, committed 640K, reserved 1048576K
}
Event: 16.215 GC heap before
{Heap before GC invocations=19 (full 4):
 PSYoungGen      total 1001984K, used 966687K [0x000000076ab00000, 0x00000007b6f00000, 0x00000007c0000000)
  eden space 798720K, 100% used [0x000000076ab00000,0x000000079b700000,0x000000079b700000)
  from space 203264K, 82% used [0x00000007a9c80000,0x00000007b4087f28,0x00000007b6300000)
  to   space 225280K, 0% used [0x000000079b700000,0x000000079b700000,0x00000007a9300000)
 ParOldGen       total 745472K, used 476947K [0x00000006c0000000, 0x00000006ed800000, 0x000000076ab00000)
  object space 745472K, 63% used [0x00000006c0000000,0x00000006dd1c4dd8,0x00000006ed800000)
 Metaspace       used 6541K, capacity 7344K, committed 7552K, reserved 1056768K
  class space    used 597K, capacity 616K, committed 640K, reserved 1048576K
Event: 16.507 GC heap after
Heap after GC invocations=19 (full 4):
 PSYoungGen      total 1024000K, used 160891K [0x000000076ab00000, 0x00000007b6f00000, 0x00000007c0000000)
  eden space 798720K, 0% used [0x000000076ab00000,0x000000076ab00000,0x000000079b700000)
  from space 225280K, 71% used [0x000000079b700000,0x00000007a541ed60,0x00000007a9300000)
  to   space 203264K, 0% used [0x00000007a9c80000,0x00000007a9c80000,0x00000007b6300000)
 ParOldGen       total 745472K, used 476947K [0x00000006c0000000, 0x00000006ed800000, 0x000000076ab00000)
  object space 745472K, 63% used [0x00000006c0000000,0x00000006dd1c4dd8,0x00000006ed800000)
 Metaspace       used 6541K, capacity 7344K, committed 7552K, reserved 1056768K
  class space    used 597K, capacity 616K, committed 640K, reserved 1048576K
}

